This file contains any messages produced by compilers while
running configure, to aid debugging if configure makes a mistake.

It was created by octoplus configure 0.1, which was
generated by GNU Autoconf 2.69.  Invocation command line was

  $ ./configure --prefix=/

## --------- ##
## Platform. ##
## --------- ##

hostname = frukost
uname -m = x86_64
uname -r = 4.9.0-6-amd64
uname -s = Linux
uname -v = #1 SMP Debian 4.9.82-1+deb9u3 (2018-03-02)

/usr/bin/uname -p = unknown
/bin/uname -X     = unknown

/bin/arch              = unknown
/usr/bin/arch -k       = unknown
/usr/convex/getsysinfo = unknown
/usr/bin/hostinfo      = unknown
/bin/machine           = unknown
/usr/bin/oslevel       = unknown
/bin/universe          = unknown

PATH: /home/paolo/perl5/bin
PATH: /opt/java/jdk1.8.0_131/bin
PATH: /home/paolo/bin
PATH: /usr/local/bin
PATH: /usr/bin
PATH: /bin
PATH: /usr/local/games
PATH: /usr/games
PATH: /home/paolo/bin
PATH: /opt/scala/bin
PATH: /opt/aws/ec2-ami-tools/bin
PATH: /opt/java/apache-maven-3.5.0/bin
PATH: /home/paolo/axedvpn/bin
PATH: /home/paolo/dev/simple/fika/bin
PATH: /home/paolo/dev/simple/lockdb/bin
PATH: /home/paolo/dev/simple/vframe/bin
PATH: /home/paolo/dev/group/docker/barrow/bin
PATH: /opt/android/android-sdks/platform-tools/


## ----------- ##
## Core tests. ##
## ----------- ##

configure:1766: checking for a BSD-compatible install
configure:1834: result: /usr/bin/install -c
configure:1845: checking whether build environment is sane
configure:1900: result: yes
configure:2051: checking for a thread-safe mkdir -p
configure:2090: result: /bin/mkdir -p
configure:2097: checking for gawk
configure:2113: found /usr/bin/gawk
configure:2124: result: gawk
configure:2135: checking whether make sets $(MAKE)
configure:2157: result: yes
configure:2186: checking whether make supports nested variables
configure:2203: result: yes
configure:2476: checking that generated files are newer than configure
configure:2482: result: done
configure:2490: creating ./config.status

## ---------------------- ##
## Running config.status. ##
## ---------------------- ##

This file was extended by octoplus config.status 0.1, which was
generated by GNU Autoconf 2.69.  Invocation command line was

  CONFIG_FILES    = 
  CONFIG_HEADERS  = 
  CONFIG_LINKS    = 
  CONFIG_COMMANDS = 
  $ ./config.status 

on frukost

config.status:747: creating Makefile
config.status:747: creating bin/Makefile
config.status:747: creating etc/Makefile
config.status:747: creating libexec/Makefile
config.status:747: creating bin/octoplus

## ---------------- ##
## Cache variables. ##
## ---------------- ##

ac_cv_env_build_alias_set=
ac_cv_env_build_alias_value=
ac_cv_env_host_alias_set=
ac_cv_env_host_alias_value=
ac_cv_env_target_alias_set=
ac_cv_env_target_alias_value=
ac_cv_path_install='/usr/bin/install -c'
ac_cv_path_mkdir=/bin/mkdir
ac_cv_prog_AWK=gawk
ac_cv_prog_make_make_set=yes
am_cv_make_support_nested_variables=yes

## ----------------- ##
## Output variables. ##
## ----------------- ##

ACLOCAL='${SHELL} /home/paolo/dev/simple/octoplus/octoplus/missing aclocal-1.15'
AMTAR='$${TAR-tar}'
AM_BACKSLASH='\'
AM_DEFAULT_V='$(AM_DEFAULT_VERBOSITY)'
AM_DEFAULT_VERBOSITY='1'
AM_V='$(V)'
AUTOCONF='${SHELL} /home/paolo/dev/simple/octoplus/octoplus/missing autoconf'
AUTOHEADER='${SHELL} /home/paolo/dev/simple/octoplus/octoplus/missing autoheader'
AUTOMAKE='${SHELL} /home/paolo/dev/simple/octoplus/octoplus/missing automake-1.15'
AWK='gawk'
CYGPATH_W='echo'
DEFS='-DPACKAGE_NAME=\"octoplus\" -DPACKAGE_TARNAME=\"octoplus\" -DPACKAGE_VERSION=\"0.1\" -DPACKAGE_STRING=\"octoplus\ 0.1\" -DPACKAGE_BUGREPORT=\"paolo@lulli.net\" -DPACKAGE_URL=\"\" -DPACKAGE=\"octoplus\" -DVERSION=\"0.1\"'
ECHO_C=''
ECHO_N='-n'
ECHO_T=''
INSTALL_DATA='${INSTALL} -m 644'
INSTALL_PROGRAM='${INSTALL}'
INSTALL_SCRIPT='${INSTALL}'
INSTALL_STRIP_PROGRAM='$(install_sh) -c -s'
LIBOBJS=''
LIBS=''
LTLIBOBJS=''
MAKEINFO='${SHELL} /home/paolo/dev/simple/octoplus/octoplus/missing makeinfo'
MKDIR_P='/bin/mkdir -p'
PACKAGE='octoplus'
PACKAGE_BUGREPORT='paolo@lulli.net'
PACKAGE_NAME='octoplus'
PACKAGE_STRING='octoplus 0.1'
PACKAGE_TARNAME='octoplus'
PACKAGE_URL=''
PACKAGE_VERSION='0.1'
PATH_SEPARATOR=':'
SET_MAKE=''
SHELL='/bin/bash'
STRIP=''
VERSION='0.1'
am__isrc=''
am__leading_dot='.'
am__tar='$${TAR-tar} chof - "$$tardir"'
am__untar='$${TAR-tar} xf -'
bindir='${exec_prefix}/bin'
build_alias=''
datadir='${datarootdir}'
datarootdir='${prefix}/share'
docdir='${datarootdir}/doc/${PACKAGE_TARNAME}'
dvidir='${docdir}'
exec_prefix='${prefix}'
host_alias=''
htmldir='${docdir}'
includedir='${prefix}/include'
infodir='${datarootdir}/info'
install_sh='${SHELL} /home/paolo/dev/simple/octoplus/octoplus/install-sh'
libdir='${exec_prefix}/lib'
libexecdir='${exec_prefix}/libexec'
localedir='${datarootdir}/locale'
localstatedir='${prefix}/var'
mandir='${datarootdir}/man'
mkdir_p='$(MKDIR_P)'
oldincludedir='/usr/include'
pdfdir='${docdir}'
prefix='/'
program_transform_name='s,x,x,'
psdir='${docdir}'
runstatedir='${localstatedir}/run'
sbindir='${exec_prefix}/sbin'
sharedstatedir='${prefix}/com'
sysconfdir='${prefix}/etc'
target_alias=''

## ----------- ##
## confdefs.h. ##
## ----------- ##

/* confdefs.h */
#define PACKAGE_NAME "octoplus"
#define PACKAGE_TARNAME "octoplus"
#define PACKAGE_VERSION "0.1"
#define PACKAGE_STRING "octoplus 0.1"
#define PACKAGE_BUGREPORT "paolo@lulli.net"
#define PACKAGE_URL ""
#define PACKAGE "octoplus"
#define VERSION "0.1"

configure: exit 0

## ---------------------- ##
## Running config.status. ##
## ---------------------- ##

This file was extended by octoplus config.status 0.1, which was
generated by GNU Autoconf 2.69.  Invocation command line was

  CONFIG_FILES    = 
  CONFIG_HEADERS  = 
  CONFIG_LINKS    = 
  CONFIG_COMMANDS = 
  $ ./config.status libexec/Makefile

on frukost

config.status:747: creating libexec/Makefile
